2026-02-22 00:19:08,883 | TRANSPORT_LAYER      | INFO     | Transport layer initializated
2026-02-22 00:19:13,885 | TRANSPORT_LAYER      | INFO     | Transport layer receiving connection with module: <class 'shared.communication_architecture.layers.transport.modules.tcpip.TransportModule'>, with configurations: <configurations.classes.configurations.Configurations object at 0x70fb6b784a10>
2026-02-22 00:19:13,886 | TRANSPORT_TCP_IP     | INFO     | Module configurated
2026-02-22 00:19:13,886 | TRANSPORT_TCP_IP     | INFO     | Module initializated
2026-02-22 00:19:13,887 | TRANSPORT_TCP_IP     | INFO     | Receiving connection with the module
2026-02-22 00:19:13,887 | TRANSPORT_TCP_IP     | INFO     | Starting receiver connections routine
2026-02-22 00:19:13,889 | TRANSPORT_LAYER      | INFO     | Connection (receive) registered with the identifier: 1
2026-02-22 00:19:13,890 | TRANSPORT_TCP_IP     | INFO     | Receiving connections of type: 2, with TCP
2026-02-22 00:19:13,890 | TRANSPORT_TCP_IP     | INFO     | Successfully binded the server
2026-02-22 00:19:13,890 | TRANSPORT_TCP_IP     | INFO     | Starting receive connections process
2026-02-22 00:19:13,905 | PROTECTION_LAYER     | INFO     | Protection layer initializated
2026-02-22 00:19:13,908 | PROTECTION_LAYER     | INFO     | Starting negotation with role: ACTIVE, with the connection: 1
2026-02-22 00:19:14,008 | TRANSPORT_LAYER      | INFO     | Data received: b'', with length: 0, from the connection: 1
2026-02-22 00:19:14,122 | TRANSPORT_LAYER      | INFO     | Data received: b'', with length: 0, from the connection: 1
2026-02-22 00:19:14,233 | TRANSPORT_LAYER      | INFO     | Data received: b'', with length: 0, from the connection: 1
2026-02-22 00:19:14,344 | TRANSPORT_LAYER      | INFO     | Data received: b'', with length: 0, from the connection: 1
2026-02-22 00:19:14,456 | TRANSPORT_LAYER      | INFO     | Data received: b'', with length: 0, from the connection: 1
2026-02-22 00:19:14,566 | TRANSPORT_LAYER      | INFO     | Data received: b'', with length: 0, from the connection: 1
2026-02-22 00:19:14,677 | TRANSPORT_LAYER      | INFO     | Data received: b'', with length: 0, from the connection: 1
2026-02-22 00:19:14,788 | TRANSPORT_LAYER      | INFO     | Data received: b'', with length: 0, from the connection: 1
2026-02-22 00:19:14,891 | TRANSPORT_TCP_IP     | ERROR    | Expired timeout on the connection reception
2026-02-22 00:19:14,899 | TRANSPORT_LAYER      | INFO     | Data received: b'', with length: 0, from the connection: 1
2026-02-22 00:19:15,010 | TRANSPORT_LAYER      | INFO     | Data received: b'', with length: 0, from the connection: 1
2026-02-22 00:19:15,121 | TRANSPORT_LAYER      | INFO     | Data received: b'', with length: 0, from the connection: 1
2026-02-22 00:19:15,232 | TRANSPORT_LAYER      | INFO     | Data received: b'', with length: 0, from the connection: 1
2026-02-22 00:19:15,344 | TRANSPORT_LAYER      | INFO     | Data received: b'', with length: 0, from the connection: 1
2026-02-22 00:19:15,455 | TRANSPORT_LAYER      | INFO     | Data received: b'', with length: 0, from the connection: 1
2026-02-22 00:19:15,567 | TRANSPORT_LAYER      | INFO     | Data received: b'', with length: 0, from the connection: 1
2026-02-22 00:19:15,678 | TRANSPORT_LAYER      | INFO     | Data received: b'', with length: 0, from the connection: 1
2026-02-22 00:19:15,789 | TRANSPORT_LAYER      | INFO     | Data received: b'', with length: 0, from the connection: 1
2026-02-22 00:19:15,893 | TRANSPORT_TCP_IP     | ERROR    | Expired timeout on the connection reception
2026-02-22 00:19:15,900 | TRANSPORT_LAYER      | INFO     | Data received: b'', with length: 0, from the connection: 1
2026-02-22 00:19:16,011 | TRANSPORT_LAYER      | INFO     | Data received: b'', with length: 0, from the connection: 1
2026-02-22 00:19:16,123 | TRANSPORT_LAYER      | INFO     | Data received: b'', with length: 0, from the connection: 1
2026-02-22 00:19:16,234 | TRANSPORT_LAYER      | INFO     | Data received: b'', with length: 0, from the connection: 1
2026-02-22 00:19:16,345 | TRANSPORT_LAYER      | INFO     | Data received: b'', with length: 0, from the connection: 1
2026-02-22 00:19:16,456 | TRANSPORT_LAYER      | INFO     | Data received: b'', with length: 0, from the connection: 1
2026-02-22 00:19:16,567 | TRANSPORT_LAYER      | INFO     | Data received: b'', with length: 0, from the connection: 1
2026-02-22 00:19:16,678 | TRANSPORT_LAYER      | INFO     | Data received: b'', with length: 0, from the connection: 1
2026-02-22 00:19:16,790 | TRANSPORT_LAYER      | INFO     | Data received: b'', with length: 0, from the connection: 1
2026-02-22 00:19:16,793 | TRANSPORT_TCP_IP     | INFO     | Connection received from the remote address: ('127.0.0.1', 56486)
2026-02-22 00:19:16,794 | TRANSPORT_TCP_IP     | INFO     | Establishing the new connection (socket) on the module
2026-02-22 00:19:16,794 | TRANSPORT_TCP_IP     | INFO     | Starting data receiver routine
2026-02-22 00:19:16,901 | TRANSPORT_LAYER      | INFO     | Data received: b'', with length: 0, from the connection: 1
2026-02-22 00:19:17,012 | TRANSPORT_LAYER      | INFO     | Data received: b'', with length: 0, from the connection: 1
2026-02-22 00:19:17,123 | TRANSPORT_LAYER      | INFO     | Data received: b'', with length: 0, from the connection: 1
2026-02-22 00:19:17,234 | TRANSPORT_LAYER      | INFO     | Data received: b'', with length: 0, from the connection: 1
2026-02-22 00:19:17,345 | TRANSPORT_LAYER      | INFO     | Data received: b'', with length: 0, from the connection: 1
2026-02-22 00:19:17,456 | TRANSPORT_LAYER      | INFO     | Data received: b'', with length: 0, from the connection: 1
2026-02-22 00:19:17,567 | TRANSPORT_LAYER      | INFO     | Data received: b'', with length: 0, from the connection: 1
2026-02-22 00:19:17,678 | TRANSPORT_LAYER      | INFO     | Data received: b'', with length: 0, from the connection: 1
2026-02-22 00:19:17,789 | TRANSPORT_LAYER      | INFO     | Data received: b'', with length: 0, from the connection: 1
2026-02-22 00:19:17,796 | TRANSPORT_TCP_IP     | ERROR    | Expired timeout on the connection reception
2026-02-22 00:19:17,900 | TRANSPORT_LAYER      | INFO     | Data received: b'', with length: 0, from the connection: 1
2026-02-22 00:19:18,012 | TRANSPORT_LAYER      | INFO     | Data received: b'', with length: 0, from the connection: 1
2026-02-22 00:19:18,123 | TRANSPORT_LAYER      | INFO     | Data received: b'', with length: 0, from the connection: 1
2026-02-22 00:19:18,234 | TRANSPORT_LAYER      | INFO     | Data received: b'', with length: 0, from the connection: 1
2026-02-22 00:19:18,345 | TRANSPORT_LAYER      | INFO     | Data received: b'', with length: 0, from the connection: 1
2026-02-22 00:19:18,457 | TRANSPORT_LAYER      | INFO     | Data received: b'', with length: 0, from the connection: 1
2026-02-22 00:19:18,568 | TRANSPORT_LAYER      | INFO     | Data received: b'', with length: 0, from the connection: 1
2026-02-22 00:19:18,679 | TRANSPORT_LAYER      | INFO     | Data received: b'', with length: 0, from the connection: 1
2026-02-22 00:19:18,790 | TRANSPORT_LAYER      | INFO     | Data received: b'', with length: 0, from the connection: 1
2026-02-22 00:19:18,798 | TRANSPORT_TCP_IP     | ERROR    | Expired timeout on the connection reception
2026-02-22 00:19:18,901 | TRANSPORT_LAYER      | INFO     | Data received: b'', with length: 0, from the connection: 1
2026-02-22 00:19:19,012 | TRANSPORT_LAYER      | INFO     | Data received: b'', with length: 0, from the connection: 1
2026-02-22 00:19:19,123 | TRANSPORT_LAYER      | INFO     | Data received: b'', with length: 0, from the connection: 1
2026-02-22 00:19:19,235 | TRANSPORT_LAYER      | INFO     | Data received: b'', with length: 0, from the connection: 1
2026-02-22 00:19:19,346 | TRANSPORT_LAYER      | INFO     | Data received: b'', with length: 0, from the connection: 1
2026-02-22 00:19:19,457 | TRANSPORT_LAYER      | INFO     | Data received: b'', with length: 0, from the connection: 1
2026-02-22 00:19:19,568 | TRANSPORT_LAYER      | INFO     | Data received: b'', with length: 0, from the connection: 1
2026-02-22 00:19:19,680 | TRANSPORT_LAYER      | INFO     | Data received: b'', with length: 0, from the connection: 1
2026-02-22 00:19:19,791 | TRANSPORT_LAYER      | INFO     | Data received: b'', with length: 0, from the connection: 1
2026-02-22 00:19:19,799 | TRANSPORT_TCP_IP     | ERROR    | Expired timeout on the connection reception
2026-02-22 00:19:19,902 | TRANSPORT_LAYER      | INFO     | Data received: b'', with length: 0, from the connection: 1
2026-02-22 00:19:20,413 | PROTECTION_LAYER     | ERROR    | FAIL: negotiate | ERROR: release unlocked lock
Traceback (most recent call last):
  File "threading.py", line 359, in wait
KeyboardInterrupt

During handling of the above exception, another exception occurred:

Traceback (most recent call last):
  File "queue.py", line 180, in get
  File "threading.py", line 364, in wait
  File "threading.py", line 311, in _acquire_restore
KeyboardInterrupt

During handling of the above exception, another exception occurred:

Traceback (most recent call last):
  File "/tmp/_MEILD2odw/shared/utils/debug.py", line 26, in wrapper
    result = func(*args, **kwargs)
             ^^^^^^^^^^^^^^^^^^^^^
  File "/tmp/_MEILD2odw/shared/communication_architecture/layers/protection/__init__.py", line 203, in negotiate
    available_modules = datapackages_handler.receive_datapackage(timeout=10)
                        ^^^^^^^^^^^^^^^^^^^^^^^^^^^^^^^^^^^^^^^^^^^^^^^^^^^^
  File "datapackage/classes/datapackage.py", line 110, in receive_datapackage
  File "queue.py", line 165, in get
  File "threading.py", line 303, in __exit__
RuntimeError: release unlocked lock
